#
# There is insufficient memory for the Java Runtime Environment to continue.
# Native memory allocation (malloc) failed to allocate 1048576 bytes for AllocateHeap
# Possible reasons:
#   The system is out of physical RAM or swap space
#   In 32 bit mode, the process size limit was hit
# Possible solutions:
#   Reduce memory load on the system
#   Increase physical memory or swap space
#   Check if swap backing store is full
#   Use 64 bit Java on a 64 bit OS
#   Decrease Java heap size (-Xmx/-Xms)
#   Decrease number of Java threads
#   Decrease Java thread stack sizes (-Xss)
#   Set larger code cache with -XX:ReservedCodeCacheSize=
# This output file may be truncated or incomplete.
#
#  Out of Memory Error (memory/allocation.inline.hpp:61), pid=17180, tid=0x000000000000249c
#
# JRE version:  (8.0_121-b13) (build )
# Java VM: Java HotSpot(TM) 64-Bit Server VM (25.121-b13 mixed mode windows-amd64 compressed oops)
# Failed to write core dump. Minidumps are not enabled by default on client versions of Windows
#

---------------  T H R E A D  ---------------

Current thread (0x0000000003086000):  JavaThread "Unknown thread" [_thread_in_vm, id=9372, stack(0x0000000002d40000,0x0000000002e40000)]

Stack: [0x0000000002d40000,0x0000000002e40000]
[error occurred during error reporting (printing stack bounds), id 0xc0000005]

Native frames: (J=compiled Java code, j=interpreted, Vv=VM code, C=native code)


---------------  P R O C E S S  ---------------

Java Threads: ( => current thread )

Other Threads:

=>0x0000000003086000 (exited) JavaThread "Unknown thread" [_thread_in_vm, id=9372, stack(0x0000000002d40000,0x0000000002e40000)]

VM state:not at safepoint (normal execution)

VM Mutex/Monitor currently owned by a thread: None

Heap:
 PSYoungGen      total 38400K, used 665K [0x00000000d5c00000, 0x00000000d8680000, 0x0000000100000000)
  eden space 33280K, 2% used [0x00000000d5c00000,0x00000000d5ca6670,0x00000000d7c80000)
  from space 5120K, 0% used [0x00000000d8180000,0x00000000d8180000,0x00000000d8680000)
  to   space 5120K, 0% used [0x00000000d7c80000,0x00000000d7c80000,0x00000000d8180000)
 ParOldGen       total 87552K, used 0K [0x0000000081400000, 0x0000000086980000, 0x00000000d5c00000)
  object space 87552K, 0% used [0x0000000081400000,0x0000000081400000,0x0000000086980000)
 Metaspace       used 770K, capacity 4480K, committed 4480K, reserved 1056768K
  class space    used 75K, capacity 384K, committed 384K, reserved 1048576K

Card table byte_map: [0x0000000012540000,0x0000000012940000] byte_map_base: 0x0000000012136000

Marking Bits: (ParMarkBitMap*) 0x0000000068dfb6d0
 Begin Bits: [0x0000000012ff0000, 0x0000000014fa0000)
 End Bits:   [0x0000000014fa0000, 0x0000000016f50000)

Polling page: 0x0000000000bf0000

CodeCache: size=245760Kb used=328Kb max_used=328Kb free=245431Kb
 bounds [0x0000000003180000, 0x00000000033f0000, 0x0000000012180000]
 total_blobs=58 nmethods=0 adapters=38
 compilation: enabled

Compilation events (0 events):
No events

GC Heap History (0 events):
No events

Deoptimization events (0 events):
No events

Internal exceptions (0 events):
No events

Events (10 events):
Event: 0.056 loading class java/lang/Short
Event: 0.056 loading class java/lang/Short done
Event: 0.056 loading class java/lang/Integer
Event: 0.056 loading class java/lang/Integer done
Event: 0.056 loading class java/lang/Long
Event: 0.056 loading class java/lang/Long done
Event: 0.057 loading class java/lang/NullPointerException
Event: 0.057 loading class java/lang/NullPointerException done
Event: 0.057 loading class java/lang/ArithmeticException
Event: 0.057 loading class java/lang/ArithmeticException done


Dynamic libraries:
0x00007ff77e170000 - 0x00007ff77e1a7000 	C:\Program Files\Java\jdk1.8.0_121\bin\java.exe
0x00007ff9f27a0000 - 0x00007ff9f2990000 	C:\WINDOWS\SYSTEM32\ntdll.dll
0x00007ff9f1f40000 - 0x00007ff9f1ff2000 	C:\WINDOWS\System32\KERNEL32.DLL
0x00007ff9ef890000 - 0x00007ff9efb35000 	C:\WINDOWS\System32\KERNELBASE.dll
0x00007ff9f1c30000 - 0x00007ff9f1cd3000 	C:\WINDOWS\System32\ADVAPI32.dll
0x00007ff9f0b50000 - 0x00007ff9f0bee000 	C:\WINDOWS\System32\msvcrt.dll
0x00007ff9f1ac0000 - 0x00007ff9f1b57000 	C:\WINDOWS\System32\sechost.dll
0x00007ff9f0da0000 - 0x00007ff9f0ebf000 	C:\WINDOWS\System32\RPCRT4.dll
0x00007ff9f1040000 - 0x00007ff9f11d4000 	C:\WINDOWS\System32\USER32.dll
0x00007ff9f0470000 - 0x00007ff9f0491000 	C:\WINDOWS\System32\win32u.dll
0x00007ff9f0d70000 - 0x00007ff9f0d96000 	C:\WINDOWS\System32\GDI32.dll
0x00007ff9f06b0000 - 0x00007ff9f0848000 	C:\WINDOWS\System32\gdi32full.dll
0x00007ff9ef7a0000 - 0x00007ff9ef83e000 	C:\WINDOWS\System32\msvcp_win.dll
0x00007ff9efb40000 - 0x00007ff9efc3a000 	C:\WINDOWS\System32\ucrtbase.dll
0x00007ff9e5460000 - 0x00007ff9e56e4000 	C:\WINDOWS\WinSxS\amd64_microsoft.windows.common-controls_6595b64144ccf1df_6.0.18362.1556_none_9e7e372fe45e41d5\COMCTL32.dll
0x00007ff9f1250000 - 0x00007ff9f1586000 	C:\WINDOWS\System32\combase.dll
0x00007ff9f04c0000 - 0x00007ff9f0541000 	C:\WINDOWS\System32\bcryptPrimitives.dll
0x00007ff9f1f10000 - 0x00007ff9f1f3e000 	C:\WINDOWS\System32\IMM32.DLL
0x0000000069180000 - 0x0000000069252000 	C:\Program Files\Java\jdk1.8.0_121\jre\bin\msvcr100.dll
0x00000000685e0000 - 0x0000000068e7b000 	C:\Program Files\Java\jdk1.8.0_121\jre\bin\server\jvm.dll
0x00007ff9f0980000 - 0x00007ff9f0988000 	C:\WINDOWS\System32\PSAPI.DLL
0x00007ff9dd120000 - 0x00007ff9dd129000 	C:\WINDOWS\SYSTEM32\WSOCK32.dll
0x00007ff9f11e0000 - 0x00007ff9f124f000 	C:\WINDOWS\System32\WS2_32.dll
0x00007ff9ebfe0000 - 0x00007ff9ec004000 	C:\WINDOWS\SYSTEM32\WINMM.dll
0x00007ff9e2700000 - 0x00007ff9e270a000 	C:\WINDOWS\SYSTEM32\VERSION.dll
0x00007ff9ebfb0000 - 0x00007ff9ebfdd000 	C:\WINDOWS\SYSTEM32\WINMMBASE.dll
0x00007ff9ef840000 - 0x00007ff9ef88a000 	C:\WINDOWS\System32\cfgmgr32.dll
0x0000000069170000 - 0x000000006917f000 	C:\Program Files\Java\jdk1.8.0_121\jre\bin\verify.dll
0x0000000069140000 - 0x0000000069169000 	C:\Program Files\Java\jdk1.8.0_121\jre\bin\java.dll
0x00000000690f0000 - 0x0000000069113000 	C:\Program Files\Java\jdk1.8.0_121\jre\bin\instrument.dll
0x0000000069120000 - 0x0000000069136000 	C:\Program Files\Java\jdk1.8.0_121\jre\bin\zip.dll

VM Arguments:
jvm_args: -javaagent:E:\安装目录\IntelliJ IDEA Community Edition 2021.1.2\lib\idea_rt.jar=59412:E:\安装目录\IntelliJ IDEA Community Edition 2021.1.2\bin -Dfile.encoding=UTF-8 
java_command: cn.pja.start.MainApplication
java_class_path (initial): C:\Program Files\Java\jdk1.8.0_121\jre\lib\charsets.jar;C:\Program Files\Java\jdk1.8.0_121\jre\lib\deploy.jar;C:\Program Files\Java\jdk1.8.0_121\jre\lib\ext\access-bridge-64.jar;C:\Program Files\Java\jdk1.8.0_121\jre\lib\ext\cldrdata.jar;C:\Program Files\Java\jdk1.8.0_121\jre\lib\ext\dnsns.jar;C:\Program Files\Java\jdk1.8.0_121\jre\lib\ext\jaccess.jar;C:\Program Files\Java\jdk1.8.0_121\jre\lib\ext\jfxrt.jar;C:\Program Files\Java\jdk1.8.0_121\jre\lib\ext\localedata.jar;C:\Program Files\Java\jdk1.8.0_121\jre\lib\ext\nashorn.jar;C:\Program Files\Java\jdk1.8.0_121\jre\lib\ext\sunec.jar;C:\Program Files\Java\jdk1.8.0_121\jre\lib\ext\sunjce_provider.jar;C:\Program Files\Java\jdk1.8.0_121\jre\lib\ext\sunmscapi.jar;C:\Program Files\Java\jdk1.8.0_121\jre\lib\ext\sunpkcs11.jar;C:\Program Files\Java\jdk1.8.0_121\jre\lib\ext\zipfs.jar;C:\Program Files\Java\jdk1.8.0_121\jre\lib\javaws.jar;C:\Program Files\Java\jdk1.8.0_121\jre\lib\jce.jar;C:\Program Files\Java\jdk1.8.0_121\jre\lib\jfr.jar;C:\Program Files\Java\jdk1.8.0_121\jre\lib\jfxswt.jar;C:\Program Files\Java\jdk1.8.0_121\jre\lib\jsse.jar;C:\Program Files\Java\jdk1.8.0_121\jre\lib\management-agent.jar;C:\Program Files\Java\jdk1.8.0_121\jre\lib\plugin.jar;C:\Program Files\Java\jdk1.8.0_121\jre\lib\resources.jar;C:\Program Files\Java\jdk1.8.0_121\jre\lib\rt.jar;D:\IdeaProjects\pja-game\pja-game-starter\target\classes;D:\IdeaProjects\pja-game\pja-game-api\target\classes;D:\IdeaProjects\maven\repository\org\codehaus\groovy\groovy-all\2.4.6\groovy-all-2.4.6.jar;D:\IdeaProjects\maven\repository\org\slf4j\slf4j-api\1.7.30\slf4j-api-1.7.30.jar;D:\IdeaProjects\maven\repository\org\springframework\spring-core\5.3.10\spring-core-5.3.10.jar;D:\IdeaProjects\maven\repository\org\springframework\spring-jcl\5.3.10\spring-jcl-5.3.10.jar;D:\IdeaProjects\maven\repository\org\springframework\boot\spring-boot-starter\2.4.0\spring-boot-starter-2.4.0.jar;D:\IdeaProjects\maven\repository\org\springframework\boot\spring-
Launcher Type: SUN_STANDARD

Environment Variables:
JAVA_HOME=C:\Program Files\Java\jdk1.8.0_121
CLASSPATH=.；D:\彭金安\Documents\课件\sqldeveloper\jdbc\lib\ojdbc6.jar
PATH=D:\app\aaa\product\12.2.0\dbhome_1\bin;D:\oracle\product\10.2.0\db_2\bin;D:\oracle\product\10.2.0\db_1\bin;C:\ProgramData\Oracle\Java\javapath;C:\Program Files (x86)\Intel\iCLS Client\;C:\Program Files\Intel\iCLS Client\;C:\Windows\system32;C:\Windows;C:\Windows\System32\Wbem;C:\Windows\System32\WindowsPowerShell\v1.0\;C:\Program Files (x86)\NVIDIA Corporation\PhysX\Common;C:\Program Files (x86)\Intel\Intel(R) Management Engine Components\DAL;C:\Program Files\Intel\Intel(R) Management Engine Components\DAL;C:\Program Files (x86)\Intel\Intel(R) Management Engine Components\IPT;C:\Program Files\Intel\Intel(R) Management Engine Components\IPT;C:\Program Files\Intel\WiFi\bin\;C:\Program Files\Common Files\Intel\WirelessCommon\;C:\WINDOWS\system32;C:\WINDOWS;C:\WINDOWS\System32\Wbem;C:\WINDOWS\System32\WindowsPowerShell\v1.0\;C:\Program Files\Java\jdk1.8.0_121\bin;C:\Program Files\Apache Software Foundation\Tomcat 7.0\bin\;D:\彭金安\Documents\java语言\mysql-5.7.22-winx64\mysql-5.7.22-winx64\bin;C:\WINDOWS\System32\OpenSSH\;C:\Program Files\VisualSVN Server\bin;C:\Program Files\TortoiseSVN\bin;C:\Program Files\Java\jdk1.8.0_121\bin;D:\maven\apache-maven-3.5.2\bin;C:\Program Files\nodejs\;C:\Users\彭金安\AppData\Local\Microsoft\WindowsApps;C:\Users\彭金安\AppData\Roaming\npm
USERNAME=彭金安
OS=Windows_NT
PROCESSOR_IDENTIFIER=Intel64 Family 6 Model 94 Stepping 3, GenuineIntel



---------------  S Y S T E M  ---------------

OS: Windows 10.0 , 64 bit Build 18362 (10.0.18362.1500)

CPU:total 4 (4 cores per cpu, 1 threads per core) family 6 model 94 stepping 3, cmov, cx8, fxsr, mmx, sse, sse2, sse3, ssse3, sse4.1, sse4.2, popcnt, avx, avx2, aes, clmul, erms, rtm, 3dnowpref, lzcnt, tsc, tscinvbit, bmi1, bmi2, adx

Memory: 4k page, physical 8299428k(1430156k free), swap 12493732k(5580k free)

vm_info: Java HotSpot(TM) 64-Bit Server VM (25.121-b13) for windows-amd64 JRE (1.8.0_121-b13), built on Dec 12 2016 18:21:36 by "java_re" with MS VC++ 10.0 (VS2010)

time: Mon Oct 04 14:37:50 2021
elapsed time: 0 seconds (0d 0h 0m 0s)

