#
# There is insufficient memory for the Java Runtime Environment to continue.
# Native memory allocation (malloc) failed to allocate 1291696 bytes for Chunk::new
# Possible reasons:
#   The system is out of physical RAM or swap space
#   In 32 bit mode, the process size limit was hit
# Possible solutions:
#   Reduce memory load on the system
#   Increase physical memory or swap space
#   Check if swap backing store is full
#   Use 64 bit Java on a 64 bit OS
#   Decrease Java heap size (-Xmx/-Xms)
#   Decrease number of Java threads
#   Decrease Java thread stack sizes (-Xss)
#   Set larger code cache with -XX:ReservedCodeCacheSize=
# This output file may be truncated or incomplete.
#
#  Out of Memory Error (allocation.cpp:390), pid=24220, tid=0x0000000000002fd0
#
# JRE version: Java(TM) SE Runtime Environment (8.0_121-b13) (build 1.8.0_121-b13)
# Java VM: Java HotSpot(TM) 64-Bit Server VM (25.121-b13 mixed mode windows-amd64 compressed oops)
# Failed to write core dump. Minidumps are not enabled by default on client versions of Windows
#

---------------  T H R E A D  ---------------

Current thread (0x0000000019345000):  JavaThread "C2 CompilerThread1" daemon [_thread_in_native, id=12240, stack(0x0000000019a00000,0x0000000019b00000)]

Stack: [0x0000000019a00000,0x0000000019b00000]
[error occurred during error reporting (printing stack bounds), id 0xc0000005]

Native frames: (J=compiled Java code, j=interpreted, Vv=VM code, C=native code)


Current CompileTask:
C2:   2142 1264       4       java.net.URLStreamHandler::parseURL (1193 bytes)


---------------  P R O C E S S  ---------------

Java Threads: ( => current thread )
  0x000000001a321800 JavaThread "background-preinit" [_thread_in_vm, id=22188, stack(0x000000001aab0000,0x000000001abb0000)]
  0x0000000019c30800 JavaThread "Service Thread" daemon [_thread_blocked, id=6040, stack(0x000000001a400000,0x000000001a500000)]
  0x000000001936a000 JavaThread "C1 CompilerThread2" daemon [_thread_blocked, id=6380, stack(0x0000000019b00000,0x0000000019c00000)]
=>0x0000000019345000 JavaThread "C2 CompilerThread1" daemon [_thread_in_native, id=12240, stack(0x0000000019a00000,0x0000000019b00000)]
  0x0000000019344800 JavaThread "C2 CompilerThread0" daemon [_thread_in_native, id=23912, stack(0x0000000019900000,0x0000000019a00000)]
  0x0000000017cf8800 JavaThread "JDWP Command Reader" daemon [_thread_in_native, id=1740, stack(0x0000000019800000,0x0000000019900000)]
  0x0000000017cf5000 JavaThread "JDWP Event Helper Thread" daemon [_thread_blocked, id=23140, stack(0x0000000019700000,0x0000000019800000)]
  0x0000000017ce7000 JavaThread "JDWP Transport Listener: dt_socket" daemon [_thread_blocked, id=7804, stack(0x0000000019600000,0x0000000019700000)]
  0x0000000017cd7000 JavaThread "Attach Listener" daemon [_thread_blocked, id=18736, stack(0x0000000019500000,0x0000000019600000)]
  0x0000000017cc4000 JavaThread "Signal Dispatcher" daemon [_thread_blocked, id=15540, stack(0x0000000019400000,0x0000000019500000)]
  0x0000000017ca0000 JavaThread "Finalizer" daemon [_thread_blocked, id=11820, stack(0x0000000018f00000,0x0000000019000000)]
  0x0000000003136000 JavaThread "Reference Handler" daemon [_thread_blocked, id=23176, stack(0x0000000018e00000,0x0000000018f00000)]
  0x0000000003041800 JavaThread "main" [_thread_in_vm, id=18808, stack(0x0000000002970000,0x0000000002a70000)]

Other Threads:
  0x0000000017c77800 VMThread [stack: 0x0000000018d00000,0x0000000018e00000] [id=9244]
  0x0000000019cab000 WatcherThread [stack: 0x000000001a500000,0x000000001a600000] [id=18696]

VM state:not at safepoint (normal execution)

VM Mutex/Monitor currently owned by a thread: None

Heap:
 PSYoungGen      total 38400K, used 19723K [0x00000000d5c00000, 0x00000000d8680000, 0x0000000100000000)
  eden space 33280K, 43% used [0x00000000d5c00000,0x00000000d6a42ff8,0x00000000d7c80000)
  from space 5120K, 99% used [0x00000000d7c80000,0x00000000d817fce0,0x00000000d8180000)
  to   space 5120K, 0% used [0x00000000d8180000,0x00000000d8180000,0x00000000d8680000)
 ParOldGen       total 87552K, used 2740K [0x0000000081400000, 0x0000000086980000, 0x00000000d5c00000)
  object space 87552K, 3% used [0x0000000081400000,0x00000000816ad230,0x0000000086980000)
 Metaspace       used 18050K, capacity 18742K, committed 19072K, reserved 1067008K
  class space    used 2190K, capacity 2339K, committed 2432K, reserved 1048576K

Card table byte_map: [0x0000000012500000,0x0000000012900000] byte_map_base: 0x00000000120f6000

Marking Bits: (ParMarkBitMap*) 0x0000000068dfb6d0
 Begin Bits: [0x0000000012fb0000, 0x0000000014f60000)
 End Bits:   [0x0000000014f60000, 0x0000000016f10000)

Polling page: 0x0000000000c40000

CodeCache: size=245760Kb used=4552Kb max_used=4552Kb free=241207Kb
 bounds [0x0000000003140000, 0x00000000035c0000, 0x0000000012140000]
 total_blobs=1659 nmethods=1333 adapters=246
 compilation: enabled

Compilation events (10 events):
Event: 2.095 Thread 0x000000001936a000 1330       3       java.lang.Class::searchMethods (90 bytes)
Event: 2.096 Thread 0x000000001936a000 nmethod 1330 0x00000000035b0ed0 code [0x00000000035b1120, 0x00000000035b20b8]
Event: 2.096 Thread 0x000000001936a000 1333       3       java.lang.Class::arrayContentsEq (70 bytes)
Event: 2.096 Thread 0x000000001936a000 nmethod 1333 0x00000000035b2850 code [0x00000000035b29e0, 0x00000000035b2e10]
Event: 2.096 Thread 0x000000001936a000 1331       3       java.lang.Class::privateGetDeclaredMethods (67 bytes)
Event: 2.097 Thread 0x000000001936a000 nmethod 1331 0x00000000035b2f90 code [0x00000000035b3180, 0x00000000035b3aa8]
Event: 2.097 Thread 0x000000001936a000 1332       3       org.codehaus.groovy.reflection.CachedClass::getInterfaces (11 bytes)
Event: 2.097 Thread 0x000000001936a000 nmethod 1332 0x00000000035b3e50 code [0x00000000035b3fc0, 0x00000000035b42e8]
Event: 2.139 Thread 0x000000001936a000 1334       1       java.util.logging.Logger::getName (5 bytes)
Event: 2.139 Thread 0x000000001936a000 nmethod 1334 0x00000000035b43d0 code [0x00000000035b4520, 0x00000000035b4630]

GC Heap History (6 events):
Event: 1.139 GC heap before
{Heap before GC invocations=1 (full 0):
 PSYoungGen      total 38400K, used 33280K [0x00000000d5c00000, 0x00000000d8680000, 0x0000000100000000)
  eden space 33280K, 100% used [0x00000000d5c00000,0x00000000d7c80000,0x00000000d7c80000)
  from space 5120K, 0% used [0x00000000d8180000,0x00000000d8180000,0x00000000d8680000)
  to   space 5120K, 0% used [0x00000000d7c80000,0x00000000d7c80000,0x00000000d8180000)
 ParOldGen       total 87552K, used 0K [0x0000000081400000, 0x0000000086980000, 0x00000000d5c00000)
  object space 87552K, 0% used [0x0000000081400000,0x0000000081400000,0x0000000086980000)
 Metaspace       used 8536K, capacity 8830K, committed 9088K, reserved 1056768K
  class space    used 993K, capacity 1091K, committed 1152K, reserved 1048576K
Event: 1.145 GC heap after
Heap after GC invocations=1 (full 0):
 PSYoungGen      total 38400K, used 4313K [0x00000000d5c00000, 0x00000000d8680000, 0x0000000100000000)
  eden space 33280K, 0% used [0x00000000d5c00000,0x00000000d5c00000,0x00000000d7c80000)
  from space 5120K, 84% used [0x00000000d7c80000,0x00000000d80b64f8,0x00000000d8180000)
  to   space 5120K, 0% used [0x00000000d8180000,0x00000000d8180000,0x00000000d8680000)
 ParOldGen       total 87552K, used 8K [0x0000000081400000, 0x0000000086980000, 0x00000000d5c00000)
  object space 87552K, 0% used [0x0000000081400000,0x0000000081402000,0x0000000086980000)
 Metaspace       used 8536K, capacity 8830K, committed 9088K, reserved 1056768K
  class space    used 993K, capacity 1091K, committed 1152K, reserved 1048576K
}
Event: 1.772 GC heap before
{Heap before GC invocations=2 (full 0):
 PSYoungGen      total 38400K, used 37593K [0x00000000d5c00000, 0x00000000d8680000, 0x0000000100000000)
  eden space 33280K, 100% used [0x00000000d5c00000,0x00000000d7c80000,0x00000000d7c80000)
  from space 5120K, 84% used [0x00000000d7c80000,0x00000000d80b64f8,0x00000000d8180000)
  to   space 5120K, 0% used [0x00000000d8180000,0x00000000d8180000,0x00000000d8680000)
 ParOldGen       total 87552K, used 8K [0x0000000081400000, 0x0000000086980000, 0x00000000d5c00000)
  object space 87552K, 0% used [0x0000000081400000,0x0000000081402000,0x0000000086980000)
 Metaspace       used 12714K, capacity 13334K, committed 13568K, reserved 1060864K
  class space    used 1600K, capacity 1735K, committed 1792K, reserved 1048576K
Event: 1.779 GC heap after
Heap after GC invocations=2 (full 0):
 PSYoungGen      total 38400K, used 5098K [0x00000000d5c00000, 0x00000000d8680000, 0x0000000100000000)
  eden space 33280K, 0% used [0x00000000d5c00000,0x00000000d5c00000,0x00000000d7c80000)
  from space 5120K, 99% used [0x00000000d8180000,0x00000000d867a8d0,0x00000000d8680000)
  to   space 5120K, 0% used [0x00000000d7c80000,0x00000000d7c80000,0x00000000d8180000)
 ParOldGen       total 87552K, used 587K [0x0000000081400000, 0x0000000086980000, 0x00000000d5c00000)
  object space 87552K, 0% used [0x0000000081400000,0x0000000081492e90,0x0000000086980000)
 Metaspace       used 12714K, capacity 13334K, committed 13568K, reserved 1060864K
  class space    used 1600K, capacity 1735K, committed 1792K, reserved 1048576K
}
Event: 2.025 GC heap before
{Heap before GC invocations=3 (full 0):
 PSYoungGen      total 38400K, used 38378K [0x00000000d5c00000, 0x00000000d8680000, 0x0000000100000000)
  eden space 33280K, 100% used [0x00000000d5c00000,0x00000000d7c80000,0x00000000d7c80000)
  from space 5120K, 99% used [0x00000000d8180000,0x00000000d867a8d0,0x00000000d8680000)
  to   space 5120K, 0% used [0x00000000d7c80000,0x00000000d7c80000,0x00000000d8180000)
 ParOldGen       total 87552K, used 587K [0x0000000081400000, 0x0000000086980000, 0x00000000d5c00000)
  object space 87552K, 0% used [0x0000000081400000,0x0000000081492e90,0x0000000086980000)
 Metaspace       used 16539K, capacity 17238K, committed 17408K, reserved 1064960K
  class space    used 2026K, capacity 2179K, committed 2304K, reserved 1048576K
Event: 2.037 GC heap after
Heap after GC invocations=3 (full 0):
 PSYoungGen      total 38400K, used 5119K [0x00000000d5c00000, 0x00000000d8680000, 0x0000000100000000)
  eden space 33280K, 0% used [0x00000000d5c00000,0x00000000d5c00000,0x00000000d7c80000)
  from space 5120K, 99% used [0x00000000d7c80000,0x00000000d817fce0,0x00000000d8180000)
  to   space 5120K, 0% used [0x00000000d8180000,0x00000000d8180000,0x00000000d8680000)
 ParOldGen       total 87552K, used 2740K [0x0000000081400000, 0x0000000086980000, 0x00000000d5c00000)
  object space 87552K, 3% used [0x0000000081400000,0x00000000816ad230,0x0000000086980000)
 Metaspace       used 16539K, capacity 17238K, committed 17408K, reserved 1064960K
  class space    used 2026K, capacity 2179K, committed 2304K, reserved 1048576K
}

Deoptimization events (9 events):
Event: 0.591 Thread 0x0000000003041800 Uncommon trap: reason=unstable_if action=reinterpret pc=0x00000000032ae278 method=java.lang.String.indexOf([CII[CIII)I @ 134
Event: 0.698 Thread 0x0000000003041800 Uncommon trap: reason=unstable_if action=reinterpret pc=0x000000000330b230 method=sun.misc.MetaIndex.mayContain(Ljava/lang/String;)Z @ 38
Event: 1.096 Thread 0x0000000003041800 Uncommon trap: reason=unstable_if action=reinterpret pc=0x00000000032f4e80 method=java.lang.String.indexOf([CII[CIII)I @ 3
Event: 1.133 Thread 0x0000000003041800 Uncommon trap: reason=range_check action=make_not_entrant pc=0x00000000034082cc method=sun.reflect.generics.parser.SignatureParser.current()C @ 34
Event: 1.526 Thread 0x0000000003041800 Uncommon trap: reason=unstable_if action=reinterpret pc=0x00000000033fb084 method=java.util.HashMap.hash(Ljava/lang/Object;)I @ 1
Event: 1.526 Thread 0x0000000003041800 Uncommon trap: reason=unstable_if action=reinterpret pc=0x00000000033f7eec method=java.util.HashMap.hash(Ljava/lang/Object;)I @ 1
Event: 1.592 Thread 0x0000000003041800 Uncommon trap: reason=unstable_if action=reinterpret pc=0x00000000033f5a38 method=java.util.HashMap.getNode(ILjava/lang/Object;)Ljava/util/HashMap$Node; @ 129
Event: 1.645 Thread 0x0000000003041800 Uncommon trap: reason=predicate action=maybe_recompile pc=0x0000000003507208 method=java.lang.String.regionMatches(ZILjava/lang/String;II)Z @ 63
Event: 1.910 Thread 0x0000000003041800 Uncommon trap: reason=unstable_if action=reinterpret pc=0x000000000327eeb4 method=sun.nio.cs.UTF_8$Encoder.encode([CII[B)I @ 33

Internal exceptions (10 events):
Event: 1.363 Thread 0x0000000003041800 Exception <a 'java/lang/NoSuchMethodError': java.lang.Object.lambda$or$2(Ljava/util/function/BiPredicate;Ljava/lang/Object;Ljava/lang/Object;)Z> (0x00000000d659fa88) thrown at [C:\re\workspace\8-2-build-windows-amd64-cygwin\jdk8u121\8372\hotspot\src\share
Event: 1.365 Thread 0x0000000003041800 Exception <a 'java/lang/NoSuchMethodError': java.lang.Object.lambda$chars$0()Ljava/util/Spliterator$OfInt;> (0x00000000d65b3be8) thrown at [C:\re\workspace\8-2-build-windows-amd64-cygwin\jdk8u121\8372\hotspot\src\share\vm\interpreter\linkResolver.cpp, lin
Event: 1.408 Thread 0x0000000003041800 Exception <a 'java/lang/NoSuchMethodError': java.lang.Object.lambda$comparing$77a9974f$1(Ljava/util/function/Function;Ljava/lang/Object;Ljava/lang/Object;)I> (0x00000000d6978a40) thrown at [C:\re\workspace\8-2-build-windows-amd64-cygwin\jdk8u121\8372\hots
Event: 1.445 Thread 0x0000000003041800 Exception <a 'java/lang/NoSuchMethodError': java.lang.Object.lambda$from$1(Ljava/util/function/Supplier;Lorg/springframework/boot/BootstrapContext;)Ljava/lang/Object;> (0x00000000d6bad470) thrown at [C:\re\workspace\8-2-build-windows-amd64-cygwin\jdk8u121
Event: 1.526 Thread 0x0000000003041800 Implicit null exception at 0x00000000033fadd4 to 0x00000000033fb06d
Event: 1.526 Thread 0x0000000003041800 Implicit null exception at 0x00000000033f7e6f to 0x00000000033f7edd
Event: 1.572 Thread 0x0000000003041800 Exception <a 'java/lang/NoSuchMethodError': java.lang.Object.lambda$comparingByKey$6d558cbf$1(Ljava/util/Comparator;Ljava/util/Map$Entry;Ljava/util/Map$Entry;)I> (0x00000000d730e468) thrown at [C:\re\workspace\8-2-build-windows-amd64-cygwin\jdk8u121\8372\
Event: 1.600 Thread 0x0000000003041800 Exception <a 'java/lang/NoSuchMethodError': java.lang.Object.lambda$of$0(Ljava/lang/Object;Lorg/springframework/boot/BootstrapContext;)Ljava/lang/Object;> (0x00000000d7447088) thrown at [C:\re\workspace\8-2-build-windows-amd64-cygwin\jdk8u121\8372\hotspot
Event: 1.755 Thread 0x000000001a321800 Exception <a 'java/lang/NoClassDefFoundError': javax/validation/Validation> (0x00000000d7a51d58) thrown at [C:\re\workspace\8-2-build-windows-amd64-cygwin\jdk8u121\8372\hotspot\src\share\vm\classfile\systemDictionary.cpp, line 199]
Event: 1.908 Thread 0x0000000003041800 Exception <a 'java/lang/NoSuchMethodError': org.slf4j.impl.StaticMDCBinder.getSingleton()Lorg/slf4j/impl/StaticMDCBinder;> (0x00000000d6f83100) thrown at [C:\re\workspace\8-2-build-windows-amd64-cygwin\jdk8u121\8372\hotspot\src\share\vm\interpreter\linkRe

Events (10 events):
Event: 2.140 Thread 0x0000000003041800 DEOPT UNPACKING pc=0x000000000318787f sp=0x0000000002a6cae0 mode 1
Event: 2.140 Thread 0x000000001a321800 DEOPT UNPACKING pc=0x000000000318787f sp=0x000000001abacfd0 mode 1
Event: 2.140 Thread 0x0000000003041800 DEOPT PACKING pc=0x000000000330e53c sp=0x0000000002a6ce10
Event: 2.140 Thread 0x000000001a321800 DEOPT PACKING pc=0x000000000330e53c sp=0x000000001abad300
Event: 2.140 Thread 0x000000001a321800 DEOPT UNPACKING pc=0x000000000318787f sp=0x000000001abad120 mode 1
Event: 2.140 Thread 0x0000000003041800 DEOPT UNPACKING pc=0x000000000318787f sp=0x0000000002a6cc30 mode 1
Event: 2.140 Thread 0x000000001a321800 DEOPT PACKING pc=0x000000000330e2d4 sp=0x000000001abad490
Event: 2.140 Thread 0x000000001a321800 DEOPT UNPACKING pc=0x000000000318787f sp=0x000000001abad2b0 mode 1
Event: 2.140 Thread 0x0000000003041800 DEOPT PACKING pc=0x000000000330e2d4 sp=0x0000000002a6cfa0
Event: 2.140 Thread 0x0000000003041800 DEOPT UNPACKING pc=0x000000000318787f sp=0x0000000002a6cdc0 mode 1


Dynamic libraries:
0x00007ff77e170000 - 0x00007ff77e1a7000 	C:\Program Files\Java\jdk1.8.0_121\bin\java.exe
0x00007ff9f27a0000 - 0x00007ff9f2990000 	C:\WINDOWS\SYSTEM32\ntdll.dll
0x00007ff9f1f40000 - 0x00007ff9f1ff2000 	C:\WINDOWS\System32\KERNEL32.DLL
0x00007ff9ef890000 - 0x00007ff9efb35000 	C:\WINDOWS\System32\KERNELBASE.dll
0x00007ff9f1c30000 - 0x00007ff9f1cd3000 	C:\WINDOWS\System32\ADVAPI32.dll
0x00007ff9f0b50000 - 0x00007ff9f0bee000 	C:\WINDOWS\System32\msvcrt.dll
0x00007ff9f1ac0000 - 0x00007ff9f1b57000 	C:\WINDOWS\System32\sechost.dll
0x00007ff9f0da0000 - 0x00007ff9f0ebf000 	C:\WINDOWS\System32\RPCRT4.dll
0x00007ff9f1040000 - 0x00007ff9f11d4000 	C:\WINDOWS\System32\USER32.dll
0x00007ff9f0470000 - 0x00007ff9f0491000 	C:\WINDOWS\System32\win32u.dll
0x00007ff9f0d70000 - 0x00007ff9f0d96000 	C:\WINDOWS\System32\GDI32.dll
0x00007ff9f06b0000 - 0x00007ff9f0848000 	C:\WINDOWS\System32\gdi32full.dll
0x00007ff9ef7a0000 - 0x00007ff9ef83e000 	C:\WINDOWS\System32\msvcp_win.dll
0x00007ff9efb40000 - 0x00007ff9efc3a000 	C:\WINDOWS\System32\ucrtbase.dll
0x00007ff9e5460000 - 0x00007ff9e56e4000 	C:\WINDOWS\WinSxS\amd64_microsoft.windows.common-controls_6595b64144ccf1df_6.0.18362.1556_none_9e7e372fe45e41d5\COMCTL32.dll
0x00007ff9f1250000 - 0x00007ff9f1586000 	C:\WINDOWS\System32\combase.dll
0x00007ff9f04c0000 - 0x00007ff9f0541000 	C:\WINDOWS\System32\bcryptPrimitives.dll
0x00007ff9f1f10000 - 0x00007ff9f1f3e000 	C:\WINDOWS\System32\IMM32.DLL
0x0000000069180000 - 0x0000000069252000 	C:\Program Files\Java\jdk1.8.0_121\jre\bin\msvcr100.dll
0x00000000685e0000 - 0x0000000068e7b000 	C:\Program Files\Java\jdk1.8.0_121\jre\bin\server\jvm.dll
0x00007ff9f0980000 - 0x00007ff9f0988000 	C:\WINDOWS\System32\PSAPI.DLL
0x00007ff9ebfe0000 - 0x00007ff9ec004000 	C:\WINDOWS\SYSTEM32\WINMM.dll
0x00007ff9dd120000 - 0x00007ff9dd129000 	C:\WINDOWS\SYSTEM32\WSOCK32.dll
0x00007ff9f11e0000 - 0x00007ff9f124f000 	C:\WINDOWS\System32\WS2_32.dll
0x00007ff9e2700000 - 0x00007ff9e270a000 	C:\WINDOWS\SYSTEM32\VERSION.dll
0x00007ff9ebfb0000 - 0x00007ff9ebfdd000 	C:\WINDOWS\SYSTEM32\WINMMBASE.dll
0x00007ff9ef840000 - 0x00007ff9ef88a000 	C:\WINDOWS\System32\cfgmgr32.dll
0x0000000069170000 - 0x000000006917f000 	C:\Program Files\Java\jdk1.8.0_121\jre\bin\verify.dll
0x0000000069140000 - 0x0000000069169000 	C:\Program Files\Java\jdk1.8.0_121\jre\bin\java.dll
0x00000000690a0000 - 0x00000000690d5000 	C:\Program Files\Java\jdk1.8.0_121\jre\bin\jdwp.dll
0x0000000069090000 - 0x0000000069098000 	C:\Program Files\Java\jdk1.8.0_121\jre\bin\npt.dll
0x0000000069060000 - 0x0000000069083000 	C:\Program Files\Java\jdk1.8.0_121\jre\bin\instrument.dll
0x0000000069120000 - 0x0000000069136000 	C:\Program Files\Java\jdk1.8.0_121\jre\bin\zip.dll
0x00007ff9f2070000 - 0x00007ff9f2757000 	C:\WINDOWS\System32\SHELL32.dll
0x00007ff9f08d0000 - 0x00007ff9f0978000 	C:\WINDOWS\System32\shcore.dll
0x00007ff9efc40000 - 0x00007ff9f03bb000 	C:\WINDOWS\System32\windows.storage.dll
0x00007ff9ef680000 - 0x00007ff9ef69e000 	C:\WINDOWS\System32\profapi.dll
0x00007ff9ef6a0000 - 0x00007ff9ef6ea000 	C:\WINDOWS\System32\powrprof.dll
0x00007ff9ef650000 - 0x00007ff9ef660000 	C:\WINDOWS\System32\UMPDC.dll
0x00007ff9f0990000 - 0x00007ff9f09e2000 	C:\WINDOWS\System32\shlwapi.dll
0x00007ff9ef660000 - 0x00007ff9ef671000 	C:\WINDOWS\System32\kernel.appcore.dll
0x00007ff9f04a0000 - 0x00007ff9f04b7000 	C:\WINDOWS\System32\cryptsp.dll
0x0000000069050000 - 0x0000000069059000 	C:\Program Files\Java\jdk1.8.0_121\jre\bin\dt_socket.dll
0x00007ff9c5d50000 - 0x00007ff9c5e5d000 	C:\WINDOWS\SysWOW64\ierd_tgp_lsp64.dll
0x00007ff9f0ec0000 - 0x00007ff9f1017000 	C:\WINDOWS\System32\ole32.dll
0x00007ff9eee30000 - 0x00007ff9eee97000 	C:\WINDOWS\system32\mswsock.dll
0x00007ff9e7ff0000 - 0x00007ff9e7ffa000 	C:\WINDOWS\system32\wshqos.dll
0x00007ff9e7fe0000 - 0x00007ff9e7fe8000 	C:\WINDOWS\SYSTEM32\wshtcpip.DLL
0x00007ff9e7800000 - 0x00007ff9e7808000 	C:\WINDOWS\SYSTEM32\wship6.dll
0x0000000069110000 - 0x000000006911d000 	C:\Program Files\Java\jdk1.8.0_121\jre\bin\management.dll
0x00000000690f0000 - 0x000000006910a000 	C:\Program Files\Java\jdk1.8.0_121\jre\bin\net.dll
0x00007ff9df1f0000 - 0x00007ff9df206000 	C:\WINDOWS\system32\napinsp.dll
0x00007ff9de6c0000 - 0x00007ff9de6da000 	C:\WINDOWS\system32\pnrpnsp.dll
0x00007ff9eeb80000 - 0x00007ff9eec4b000 	C:\WINDOWS\SYSTEM32\DNSAPI.dll
0x00007ff9f1030000 - 0x00007ff9f1038000 	C:\WINDOWS\System32\NSI.dll
0x00007ff9eeb40000 - 0x00007ff9eeb7a000 	C:\WINDOWS\SYSTEM32\IPHLPAPI.DLL
0x00007ff9e8be0000 - 0x00007ff9e8bee000 	C:\WINDOWS\System32\winrnr.dll
0x00007ff9eb9f0000 - 0x00007ff9eba0c000 	C:\WINDOWS\system32\NLAapi.dll
0x00007ff9db160000 - 0x00007ff9db175000 	C:\WINDOWS\system32\wshbth.dll
0x00007ff9e4ea0000 - 0x00007ff9e4eaa000 	C:\Windows\System32\rasadhlp.dll
0x00007ff9e8810000 - 0x00007ff9e8887000 	C:\WINDOWS\System32\fwpuclnt.dll
0x00007ff9ef710000 - 0x00007ff9ef736000 	C:\WINDOWS\System32\bcrypt.dll

VM Arguments:
jvm_args: -agentlib:jdwp=transport=dt_socket,address=127.0.0.1:64393,suspend=y,server=n -javaagent:C:\Users\彭金安\AppData\Local\JetBrains\IdeaIC2021.1\groovyHotSwap\gragent.jar -javaagent:C:\Users\彭金安\AppData\Local\JetBrains\IdeaIC2021.1\captureAgent\debugger-agent.jar -Dfile.encoding=UTF-8 
java_command: cn.pja.start.MainApplication
java_class_path (initial): C:\Program Files\Java\jdk1.8.0_121\jre\lib\charsets.jar;C:\Program Files\Java\jdk1.8.0_121\jre\lib\deploy.jar;C:\Program Files\Java\jdk1.8.0_121\jre\lib\ext\access-bridge-64.jar;C:\Program Files\Java\jdk1.8.0_121\jre\lib\ext\cldrdata.jar;C:\Program Files\Java\jdk1.8.0_121\jre\lib\ext\dnsns.jar;C:\Program Files\Java\jdk1.8.0_121\jre\lib\ext\jaccess.jar;C:\Program Files\Java\jdk1.8.0_121\jre\lib\ext\jfxrt.jar;C:\Program Files\Java\jdk1.8.0_121\jre\lib\ext\localedata.jar;C:\Program Files\Java\jdk1.8.0_121\jre\lib\ext\nashorn.jar;C:\Program Files\Java\jdk1.8.0_121\jre\lib\ext\sunec.jar;C:\Program Files\Java\jdk1.8.0_121\jre\lib\ext\sunjce_provider.jar;C:\Program Files\Java\jdk1.8.0_121\jre\lib\ext\sunmscapi.jar;C:\Program Files\Java\jdk1.8.0_121\jre\lib\ext\sunpkcs11.jar;C:\Program Files\Java\jdk1.8.0_121\jre\lib\ext\zipfs.jar;C:\Program Files\Java\jdk1.8.0_121\jre\lib\javaws.jar;C:\Program Files\Java\jdk1.8.0_121\jre\lib\jce.jar;C:\Program Files\Java\jdk1.8.0_121\jre\lib\jfr.jar;C:\Program Files\Java\jdk1.8.0_121\jre\lib\jfxswt.jar;C:\Program Files\Java\jdk1.8.0_121\jre\lib\jsse.jar;C:\Program Files\Java\jdk1.8.0_121\jre\lib\management-agent.jar;C:\Program Files\Java\jdk1.8.0_121\jre\lib\plugin.jar;C:\Program Files\Java\jdk1.8.0_121\jre\lib\resources.jar;C:\Program Files\Java\jdk1.8.0_121\jre\lib\rt.jar;D:\IdeaProjects\pja-game\pja-game-starter\target\classes;D:\IdeaProjects\pja-game\pja-game-api\target\classes;D:\IdeaProjects\maven\repository\org\codehaus\groovy\groovy-all\2.4.6\groovy-all-2.4.6.jar;D:\IdeaProjects\maven\repository\org\slf4j\slf4j-api\1.7.30\slf4j-api-1.7.30.jar;D:\IdeaProjects\maven\repository\org\springframework\spring-core\5.3.10\spring-core-5.3.10.jar;D:\IdeaProjects\maven\repository\org\springframework\spring-jcl\5.3.10\spring-jcl-5.3.10.jar;D:\IdeaProjects\maven\repository\org\springframework\boot\spring-boot-starter\2.4.0\spring-boot-starter-2.4.0.jar;D:\IdeaProjects\maven\repository\org\springframework\boot\spring-
Launcher Type: SUN_STANDARD

Environment Variables:
JAVA_HOME=C:\Program Files\Java\jdk1.8.0_121
CLASSPATH=.；D:\彭金安\Documents\课件\sqldeveloper\jdbc\lib\ojdbc6.jar
PATH=D:\app\aaa\product\12.2.0\dbhome_1\bin;D:\oracle\product\10.2.0\db_2\bin;D:\oracle\product\10.2.0\db_1\bin;C:\ProgramData\Oracle\Java\javapath;C:\Program Files (x86)\Intel\iCLS Client\;C:\Program Files\Intel\iCLS Client\;C:\Windows\system32;C:\Windows;C:\Windows\System32\Wbem;C:\Windows\System32\WindowsPowerShell\v1.0\;C:\Program Files (x86)\NVIDIA Corporation\PhysX\Common;C:\Program Files (x86)\Intel\Intel(R) Management Engine Components\DAL;C:\Program Files\Intel\Intel(R) Management Engine Components\DAL;C:\Program Files (x86)\Intel\Intel(R) Management Engine Components\IPT;C:\Program Files\Intel\Intel(R) Management Engine Components\IPT;C:\Program Files\Intel\WiFi\bin\;C:\Program Files\Common Files\Intel\WirelessCommon\;C:\WINDOWS\system32;C:\WINDOWS;C:\WINDOWS\System32\Wbem;C:\WINDOWS\System32\WindowsPowerShell\v1.0\;C:\Program Files\Java\jdk1.8.0_121\bin;C:\Program Files\Apache Software Foundation\Tomcat 7.0\bin\;D:\彭金安\Documents\java语言\mysql-5.7.22-winx64\mysql-5.7.22-winx64\bin;C:\WINDOWS\System32\OpenSSH\;C:\Program Files\VisualSVN Server\bin;C:\Program Files\TortoiseSVN\bin;C:\Program Files\Java\jdk1.8.0_121\bin;D:\maven\apache-maven-3.5.2\bin;C:\Program Files\nodejs\;C:\Users\彭金安\AppData\Local\Microsoft\WindowsApps;C:\Users\彭金安\AppData\Roaming\npm
USERNAME=彭金安
OS=Windows_NT
PROCESSOR_IDENTIFIER=Intel64 Family 6 Model 94 Stepping 3, GenuineIntel



---------------  S Y S T E M  ---------------

OS: Windows 10.0 , 64 bit Build 18362 (10.0.18362.1500)

CPU:total 4 (4 cores per cpu, 1 threads per core) family 6 model 94 stepping 3, cmov, cx8, fxsr, mmx, sse, sse2, sse3, ssse3, sse4.1, sse4.2, popcnt, avx, avx2, aes, clmul, erms, rtm, 3dnowpref, lzcnt, tsc, tscinvbit, bmi1, bmi2, adx

Memory: 4k page, physical 8299428k(1285936k free), swap 12493732k(5932k free)

vm_info: Java HotSpot(TM) 64-Bit Server VM (25.121-b13) for windows-amd64 JRE (1.8.0_121-b13), built on Dec 12 2016 18:21:36 by "java_re" with MS VC++ 10.0 (VS2010)

time: Mon Oct 04 14:33:17 2021
elapsed time: 2 seconds (0d 0h 0m 2s)

