#
# There is insufficient memory for the Java Runtime Environment to continue.
# Native memory allocation (malloc) failed to allocate 1340656 bytes for Chunk::new
# Possible reasons:
#   The system is out of physical RAM or swap space
#   In 32 bit mode, the process size limit was hit
# Possible solutions:
#   Reduce memory load on the system
#   Increase physical memory or swap space
#   Check if swap backing store is full
#   Use 64 bit Java on a 64 bit OS
#   Decrease Java heap size (-Xmx/-Xms)
#   Decrease number of Java threads
#   Decrease Java thread stack sizes (-Xss)
#   Set larger code cache with -XX:ReservedCodeCacheSize=
# This output file may be truncated or incomplete.
#
#  Out of Memory Error (allocation.cpp:390), pid=12260, tid=0x0000000000005c7c
#
# JRE version: Java(TM) SE Runtime Environment (8.0_121-b13) (build 1.8.0_121-b13)
# Java VM: Java HotSpot(TM) 64-Bit Server VM (25.121-b13 mixed mode windows-amd64 compressed oops)
# Failed to write core dump. Minidumps are not enabled by default on client versions of Windows
#

---------------  T H R E A D  ---------------

Current thread (0x0000000018c8f000):  JavaThread "C2 CompilerThread1" daemon [_thread_in_native, id=23676, stack(0x0000000019450000,0x0000000019550000)]

Stack: [0x0000000019450000,0x0000000019550000]
[error occurred during error reporting (printing stack bounds), id 0xc0000005]

Native frames: (J=compiled Java code, j=interpreted, Vv=VM code, C=native code)


Current CompileTask:
C2:   6382 3290   !   4       org.springframework.core.annotation.AnnotationsScanner::processMethodHierarchy (276 bytes)


---------------  P R O C E S S  ---------------

Java Threads: ( => current thread )
  0x000000001e432800 JavaThread "Abandoned connection cleanup thread" daemon [_thread_blocked, id=5600, stack(0x000000001d2d0000,0x000000001d3d0000)]
  0x0000000018d2e800 JavaThread "Service Thread" daemon [_thread_blocked, id=14160, stack(0x0000000019650000,0x0000000019750000)]
  0x0000000018ca3800 JavaThread "C1 CompilerThread2" daemon [_thread_in_native, id=24484, stack(0x0000000019550000,0x0000000019650000)]
=>0x0000000018c8f000 JavaThread "C2 CompilerThread1" daemon [_thread_in_native, id=23676, stack(0x0000000019450000,0x0000000019550000)]
  0x0000000018c8b800 JavaThread "C2 CompilerThread0" daemon [_thread_in_native, id=8380, stack(0x0000000019350000,0x0000000019450000)]
  0x0000000018c71800 JavaThread "Monitor Ctrl-Break" daemon [_thread_in_native, id=10800, stack(0x0000000019250000,0x0000000019350000)]
  0x00000000178ee800 JavaThread "Attach Listener" daemon [_thread_blocked, id=24532, stack(0x0000000019150000,0x0000000019250000)]
  0x00000000178a4000 JavaThread "Signal Dispatcher" daemon [_thread_blocked, id=14304, stack(0x0000000019050000,0x0000000019150000)]
  0x000000001787a800 JavaThread "Finalizer" daemon [_thread_blocked, id=8880, stack(0x0000000018af0000,0x0000000018bf0000)]
  0x0000000002c16000 JavaThread "Reference Handler" daemon [_thread_blocked, id=13592, stack(0x00000000189f0000,0x0000000018af0000)]
  0x0000000002b29000 JavaThread "main" [_thread_in_vm, id=15152, stack(0x00000000029e0000,0x0000000002ae0000)]

Other Threads:
  0x0000000017857000 VMThread [stack: 0x00000000188f0000,0x00000000189f0000] [id=5308]
  0x0000000018d78800 WatcherThread [stack: 0x0000000019750000,0x0000000019850000] [id=15068]

VM state:not at safepoint (normal execution)

VM Mutex/Monitor currently owned by a thread: None

Heap:
 PSYoungGen      total 150016K, used 85403K [0x00000000d5c00000, 0x00000000e1180000, 0x0000000100000000)
  eden space 139776K, 61% used [0x00000000d5c00000,0x00000000daf66f98,0x00000000de480000)
  from space 10240K, 0% used [0x00000000dee80000,0x00000000dee80000,0x00000000df880000)
  to   space 10240K, 0% used [0x00000000de480000,0x00000000de480000,0x00000000dee80000)
 ParOldGen       total 63488K, used 14654K [0x0000000081400000, 0x0000000085200000, 0x00000000d5c00000)
  object space 63488K, 23% used [0x0000000081400000,0x000000008224f8b8,0x0000000085200000)
 Metaspace       used 36206K, capacity 38778K, committed 39080K, reserved 1083392K
  class space    used 4759K, capacity 5201K, committed 5296K, reserved 1048576K

Card table byte_map: [0x00000000120e0000,0x00000000124e0000] byte_map_base: 0x0000000011cd6000

Marking Bits: (ParMarkBitMap*) 0x0000000068dfb6d0
 Begin Bits: [0x0000000012b90000, 0x0000000014b40000)
 End Bits:   [0x0000000014b40000, 0x0000000016af0000)

Polling page: 0x0000000000d30000

CodeCache: size=245760Kb used=13270Kb max_used=13270Kb free=232489Kb
 bounds [0x0000000002d20000, 0x0000000003a20000, 0x0000000011d20000]
 total_blobs=3954 nmethods=3531 adapters=334
 compilation: enabled

Compilation events (10 events):
Event: 6.336 Thread 0x0000000018ca3800 3536       3       org.springframework.asm.ByteVector::putInt (74 bytes)
Event: 6.336 Thread 0x0000000018ca3800 nmethod 3536 0x0000000003a14550 code [0x0000000003a146c0, 0x0000000003a14948]
Event: 6.336 Thread 0x0000000018ca3800 3538       3       org.springframework.asm.Label::addForwardReference (102 bytes)
Event: 6.337 Thread 0x0000000018ca3800 nmethod 3538 0x0000000003a14b10 code [0x0000000003a14ca0, 0x0000000003a15128]
Event: 6.337 Thread 0x0000000018ca3800 3540       3       org.springframework.asm.Type::getOpcode (284 bytes)
Event: 6.337 Thread 0x0000000018ca3800 nmethod 3540 0x0000000003a15390 code [0x0000000003a155a0, 0x0000000003a15e98]
Event: 6.347 Thread 0x0000000018ca3800 3542       3       org.springframework.util.StringUtils::delimitedListToStringArray (164 bytes)
Event: 6.349 Thread 0x0000000018ca3800 nmethod 3542 0x0000000003a16210 code [0x0000000003a165a0, 0x0000000003a188c8]
Event: 6.349 Thread 0x0000000018ca3800 3543       3       org.springframework.asm.ClassVisitor::visitField (24 bytes)
Event: 6.349 Thread 0x0000000018ca3800 nmethod 3543 0x0000000003a19a50 code [0x0000000003a19bc0, 0x0000000003a19e28]

GC Heap History (10 events):
Event: 2.750 GC heap before
{Heap before GC invocations=6 (full 1):
 PSYoungGen      total 71680K, used 66560K [0x00000000d5c00000, 0x00000000da700000, 0x0000000100000000)
  eden space 66560K, 100% used [0x00000000d5c00000,0x00000000d9d00000,0x00000000d9d00000)
  from space 5120K, 0% used [0x00000000da200000,0x00000000da200000,0x00000000da700000)
  to   space 5120K, 0% used [0x00000000d9d00000,0x00000000d9d00000,0x00000000da200000)
 ParOldGen       total 63488K, used 8343K [0x0000000081400000, 0x0000000085200000, 0x00000000d5c00000)
  object space 63488K, 13% used [0x0000000081400000,0x0000000081c25c98,0x0000000085200000)
 Metaspace       used 26081K, capacity 27516K, committed 27824K, reserved 1073152K
  class space    used 3361K, capacity 3634K, committed 3760K, reserved 1048576K
Event: 2.759 GC heap after
Heap after GC invocations=6 (full 1):
 PSYoungGen      total 71680K, used 5112K [0x00000000d5c00000, 0x00000000dce00000, 0x0000000100000000)
  eden space 66560K, 0% used [0x00000000d5c00000,0x00000000d5c00000,0x00000000d9d00000)
  from space 5120K, 99% used [0x00000000d9d00000,0x00000000da1fe298,0x00000000da200000)
  to   space 9216K, 0% used [0x00000000dc500000,0x00000000dc500000,0x00000000dce00000)
 ParOldGen       total 63488K, used 10405K [0x0000000081400000, 0x0000000085200000, 0x00000000d5c00000)
  object space 63488K, 16% used [0x0000000081400000,0x0000000081e29570,0x0000000085200000)
 Metaspace       used 26081K, capacity 27516K, committed 27824K, reserved 1073152K
  class space    used 3361K, capacity 3634K, committed 3760K, reserved 1048576K
}
Event: 4.050 GC heap before
{Heap before GC invocations=7 (full 1):
 PSYoungGen      total 71680K, used 71672K [0x00000000d5c00000, 0x00000000dce00000, 0x0000000100000000)
  eden space 66560K, 100% used [0x00000000d5c00000,0x00000000d9d00000,0x00000000d9d00000)
  from space 5120K, 99% used [0x00000000d9d00000,0x00000000da1fe298,0x00000000da200000)
  to   space 9216K, 0% used [0x00000000dc500000,0x00000000dc500000,0x00000000dce00000)
 ParOldGen       total 63488K, used 10405K [0x0000000081400000, 0x0000000085200000, 0x00000000d5c00000)
  object space 63488K, 16% used [0x0000000081400000,0x0000000081e29570,0x0000000085200000)
 Metaspace       used 28931K, capacity 30628K, committed 30768K, reserved 1075200K
  class space    used 3740K, capacity 4052K, committed 4144K, reserved 1048576K
Event: 4.063 GC heap after
Heap after GC invocations=7 (full 1):
 PSYoungGen      total 103424K, used 6318K [0x00000000d5c00000, 0x00000000dcb80000, 0x0000000100000000)
  eden space 96768K, 0% used [0x00000000d5c00000,0x00000000d5c00000,0x00000000dba80000)
  from space 6656K, 94% used [0x00000000dc500000,0x00000000dcb2b9e0,0x00000000dcb80000)
  to   space 8704K, 0% used [0x00000000dba80000,0x00000000dba80000,0x00000000dc300000)
 ParOldGen       total 63488K, used 10413K [0x0000000081400000, 0x0000000085200000, 0x00000000d5c00000)
  object space 63488K, 16% used [0x0000000081400000,0x0000000081e2b570,0x0000000085200000)
 Metaspace       used 28931K, capacity 30628K, committed 30768K, reserved 1075200K
  class space    used 3740K, capacity 4052K, committed 4144K, reserved 1048576K
}
Event: 5.155 GC heap before
{Heap before GC invocations=8 (full 1):
 PSYoungGen      total 103424K, used 103086K [0x00000000d5c00000, 0x00000000dcb80000, 0x0000000100000000)
  eden space 96768K, 100% used [0x00000000d5c00000,0x00000000dba80000,0x00000000dba80000)
  from space 6656K, 94% used [0x00000000dc500000,0x00000000dcb2b9e0,0x00000000dcb80000)
  to   space 8704K, 0% used [0x00000000dba80000,0x00000000dba80000,0x00000000dc300000)
 ParOldGen       total 63488K, used 10413K [0x0000000081400000, 0x0000000085200000, 0x00000000d5c00000)
  object space 63488K, 16% used [0x0000000081400000,0x0000000081e2b570,0x0000000085200000)
 Metaspace       used 32559K, capacity 34884K, committed 35120K, reserved 1079296K
  class space    used 4257K, capacity 4654K, committed 4656K, reserved 1048576K
Event: 5.169 GC heap after
Heap after GC invocations=8 (full 1):
 PSYoungGen      total 105472K, used 8699K [0x00000000d5c00000, 0x00000000df880000, 0x0000000100000000)
  eden space 96768K, 0% used [0x00000000d5c00000,0x00000000d5c00000,0x00000000dba80000)
  from space 8704K, 99% used [0x00000000dba80000,0x00000000dc2fef80,0x00000000dc300000)
  to   space 10240K, 0% used [0x00000000dee80000,0x00000000dee80000,0x00000000df880000)
 ParOldGen       total 63488K, used 11592K [0x0000000081400000, 0x0000000085200000, 0x00000000d5c00000)
  object space 63488K, 18% used [0x0000000081400000,0x0000000081f520a8,0x0000000085200000)
 Metaspace       used 32559K, capacity 34884K, committed 35120K, reserved 1079296K
  class space    used 4257K, capacity 4654K, committed 4656K, reserved 1048576K
}
Event: 5.428 GC heap before
{Heap before GC invocations=9 (full 1):
 PSYoungGen      total 105472K, used 25949K [0x00000000d5c00000, 0x00000000df880000, 0x0000000100000000)
  eden space 96768K, 17% used [0x00000000d5c00000,0x00000000d6cd86f0,0x00000000dba80000)
  from space 8704K, 99% used [0x00000000dba80000,0x00000000dc2fef80,0x00000000dc300000)
  to   space 10240K, 0% used [0x00000000dee80000,0x00000000dee80000,0x00000000df880000)
 ParOldGen       total 63488K, used 11592K [0x0000000081400000, 0x0000000085200000, 0x00000000d5c00000)
  object space 63488K, 18% used [0x0000000081400000,0x0000000081f520a8,0x0000000085200000)
 Metaspace       used 33069K, capacity 35400K, committed 35496K, reserved 1079296K
  class space    used 4331K, capacity 4732K, committed 4784K, reserved 1048576K
Event: 5.468 GC heap after
Heap after GC invocations=9 (full 1):
 PSYoungGen      total 150016K, used 8360K [0x00000000d5c00000, 0x00000000e1180000, 0x0000000100000000)
  eden space 139776K, 0% used [0x00000000d5c00000,0x00000000d5c00000,0x00000000de480000)
  from space 10240K, 81% used [0x00000000dee80000,0x00000000df6aa1c0,0x00000000df880000)
  to   space 10240K, 0% used [0x00000000de480000,0x00000000de480000,0x00000000dee80000)
 ParOldGen       total 63488K, used 11592K [0x0000000081400000, 0x0000000085200000, 0x00000000d5c00000)
  object space 63488K, 18% used [0x0000000081400000,0x0000000081f520a8,0x0000000085200000)
 Metaspace       used 33069K, capacity 35400K, committed 35496K, reserved 1079296K
  class space    used 4331K, capacity 4732K, committed 4784K, reserved 1048576K
}
Event: 5.468 GC heap before
{Heap before GC invocations=10 (full 2):
 PSYoungGen      total 150016K, used 8360K [0x00000000d5c00000, 0x00000000e1180000, 0x0000000100000000)
  eden space 139776K, 0% used [0x00000000d5c00000,0x00000000d5c00000,0x00000000de480000)
  from space 10240K, 81% used [0x00000000dee80000,0x00000000df6aa1c0,0x00000000df880000)
  to   space 10240K, 0% used [0x00000000de480000,0x00000000de480000,0x00000000dee80000)
 ParOldGen       total 63488K, used 11592K [0x0000000081400000, 0x0000000085200000, 0x00000000d5c00000)
  object space 63488K, 18% used [0x0000000081400000,0x0000000081f520a8,0x0000000085200000)
 Metaspace       used 33069K, capacity 35400K, committed 35496K, reserved 1079296K
  class space    used 4331K, capacity 4732K, committed 4784K, reserved 1048576K
Event: 5.562 GC heap after
Heap after GC invocations=10 (full 2):
 PSYoungGen      total 150016K, used 0K [0x00000000d5c00000, 0x00000000e1180000, 0x0000000100000000)
  eden space 139776K, 0% used [0x00000000d5c00000,0x00000000d5c00000,0x00000000de480000)
  from space 10240K, 0% used [0x00000000dee80000,0x00000000dee80000,0x00000000df880000)
  to   space 10240K, 0% used [0x00000000de480000,0x00000000de480000,0x00000000dee80000)
 ParOldGen       total 63488K, used 14654K [0x0000000081400000, 0x0000000085200000, 0x00000000d5c00000)
  object space 63488K, 23% used [0x0000000081400000,0x000000008224f8b8,0x0000000085200000)
 Metaspace       used 33069K, capacity 35400K, committed 35496K, reserved 1079296K
  class space    used 4331K, capacity 4732K, committed 4784K, reserved 1048576K
}

Deoptimization events (10 events):
Event: 6.184 Thread 0x000000001e432800 Uncommon trap: reason=unstable_if action=reinterpret pc=0x000000000307a49c method=java.util.zip.ZipCoder.getBytes(Ljava/lang/String;)[B @ 32
Event: 6.184 Thread 0x000000001e432800 Uncommon trap: reason=unstable_if action=reinterpret pc=0x000000000307c0f0 method=java.util.zip.ZipCoder.getBytes(Ljava/lang/String;)[B @ 32
Event: 6.184 Thread 0x000000001e432800 Uncommon trap: reason=unstable_if action=reinterpret pc=0x00000000033a36bc method=java.net.URL.<init>(Ljava/net/URL;Ljava/lang/String;Ljava/net/URLStreamHandler;)V @ 57
Event: 6.185 Thread 0x0000000002b29000 Uncommon trap: reason=unstable_if action=reinterpret pc=0x0000000002f5eb48 method=java.lang.AbstractStringBuilder.append(Ljava/lang/String;)Ljava/lang/AbstractStringBuilder; @ 1
Event: 6.188 Thread 0x000000001e432800 Uncommon trap: reason=unstable_if action=reinterpret pc=0x0000000003394540 method=java.net.URLStreamHandler.parseURL(Ljava/net/URL;Ljava/lang/String;II)V @ 57
Event: 6.188 Thread 0x000000001e432800 Uncommon trap: reason=unstable_if action=reinterpret pc=0x00000000032c50b4 method=java.io.WinNTFileSystem.resolve(Ljava/lang/String;Ljava/lang/String;)Ljava/lang/String; @ 19
Event: 6.305 Thread 0x0000000002b29000 Uncommon trap: reason=class_check action=maybe_recompile pc=0x000000000327f084 method=org.springframework.boot.context.properties.source.ConfigurationPropertyName$Elements.charAt(II)C @ 43
Event: 6.305 Thread 0x0000000002b29000 Uncommon trap: reason=class_check action=maybe_recompile pc=0x000000000327f084 method=org.springframework.boot.context.properties.source.ConfigurationPropertyName$Elements.charAt(II)C @ 43
Event: 6.307 Thread 0x0000000002b29000 Uncommon trap: reason=class_check action=maybe_recompile pc=0x000000000327f084 method=org.springframework.boot.context.properties.source.ConfigurationPropertyName$Elements.charAt(II)C @ 43
Event: 6.307 Thread 0x0000000002b29000 Uncommon trap: reason=class_check action=maybe_recompile pc=0x000000000327f084 method=org.springframework.boot.context.properties.source.ConfigurationPropertyName$Elements.charAt(II)C @ 43

Internal exceptions (10 events):
Event: 6.320 Thread 0x0000000002b29000 Exception <a 'java/lang/ClassNotFoundException': org/springframework/context/annotation/ConfigurationClassEnhancer$EnhancedConfigurationCustomizer> (0x00000000daa7bf48) thrown at [C:\re\workspace\8-2-build-windows-amd64-cygwin\jdk8u121\8372\hotspot\src\sh
Event: 6.320 Thread 0x0000000002b29000 Exception <a 'java/lang/ClassNotFoundException': org/springframework/beans/factory/BeanFactoryAwareCustomizer> (0x00000000daa9a928) thrown at [C:\re\workspace\8-2-build-windows-amd64-cygwin\jdk8u121\8372\hotspot\src\share\vm\classfile\systemDictionary.cpp
Event: 6.321 Thread 0x0000000002b29000 Exception <a 'java/lang/ClassNotFoundException': org/springframework/beans/factory/AwareCustomizer> (0x00000000daab6850) thrown at [C:\re\workspace\8-2-build-windows-amd64-cygwin\jdk8u121\8372\hotspot\src\share\vm\classfile\systemDictionary.cpp, line 210]
Event: 6.321 Thread 0x0000000002b29000 Exception <a 'java/lang/ClassNotFoundException': org/springframework/beans/factory/InitializingBeanCustomizer> (0x00000000daad50a0) thrown at [C:\re\workspace\8-2-build-windows-amd64-cygwin\jdk8u121\8372\hotspot\src\share\vm\classfile\systemDictionary.cpp
Event: 6.341 Thread 0x0000000002b29000 Exception <a 'java/lang/ClassNotFoundException': java/lang/ObjectCustomizer> (0x00000000dac79970) thrown at [C:\re\workspace\8-2-build-windows-amd64-cygwin\jdk8u121\8372\hotspot\src\share\vm\classfile\systemDictionary.cpp, line 210]
Event: 6.341 Thread 0x0000000002b29000 Exception <a 'java/lang/ClassNotFoundException': org/mybatis/spring/SqlSessionFactoryBeanCustomizer> (0x00000000dac984a8) thrown at [C:\re\workspace\8-2-build-windows-amd64-cygwin\jdk8u121\8372\hotspot\src\share\vm\classfile\systemDictionary.cpp, line 210
Event: 6.343 Thread 0x0000000002b29000 Exception <a 'java/lang/ClassNotFoundException': org/springframework/beans/factory/FactoryBeanCustomizer> (0x00000000dad01ee8) thrown at [C:\re\workspace\8-2-build-windows-amd64-cygwin\jdk8u121\8372\hotspot\src\share\vm\classfile\systemDictionary.cpp, lin
Event: 6.343 Thread 0x0000000002b29000 Exception <a 'java/lang/ClassNotFoundException': org/springframework/beans/factory/InitializingBeanCustomizer> (0x00000000dad26158) thrown at [C:\re\workspace\8-2-build-windows-amd64-cygwin\jdk8u121\8372\hotspot\src\share\vm\classfile\systemDictionary.cpp
Event: 6.343 Thread 0x0000000002b29000 Exception <a 'java/lang/ClassNotFoundException': org/springframework/context/ApplicationListenerCustomizer> (0x00000000dad446e8) thrown at [C:\re\workspace\8-2-build-windows-amd64-cygwin\jdk8u121\8372\hotspot\src\share\vm\classfile\systemDictionary.cpp, l
Event: 6.344 Thread 0x0000000002b29000 Exception <a 'java/lang/ClassNotFoundException': java/util/EventListenerCustomizer> (0x00000000dad516c0) thrown at [C:\re\workspace\8-2-build-windows-amd64-cygwin\jdk8u121\8372\hotspot\src\share\vm\classfile\systemDictionary.cpp, line 210]

Events (10 events):
Event: 6.360 loading class com/sun/org/apache/xerces/internal/parsers/XML11Configurable done
Event: 6.360 loading class com/sun/org/apache/xerces/internal/util/ParserConfigurationSettings
Event: 6.360 loading class com/sun/org/apache/xerces/internal/util/ParserConfigurationSettings done
Event: 6.360 loading class com/sun/org/apache/xerces/internal/parsers/XML11Configuration done
Event: 6.360 loading class com/sun/org/apache/xerces/internal/parsers/XIncludeAwareParserConfiguration done
Event: 6.361 loading class com/sun/org/apache/xerces/internal/util/SymbolTable
Event: 6.361 loading class com/sun/org/apache/xerces/internal/util/SymbolTable done
Event: 6.361 loading class com/sun/org/apache/xerces/internal/util/SymbolTable$Entry
Event: 6.361 loading class com/sun/org/apache/xerces/internal/util/SymbolTable$Entry done
Event: 6.361 loading class com/sun/org/apache/xerces/internal/impl/XMLEntityManager


Dynamic libraries:
0x00007ff703810000 - 0x00007ff703847000 	C:\Program Files\Java\jdk1.8.0_121\bin\java.exe
0x00007ff9f27a0000 - 0x00007ff9f2990000 	C:\WINDOWS\SYSTEM32\ntdll.dll
0x00007ff9f1f40000 - 0x00007ff9f1ff2000 	C:\WINDOWS\System32\KERNEL32.DLL
0x00007ff9ef890000 - 0x00007ff9efb35000 	C:\WINDOWS\System32\KERNELBASE.dll
0x00007ff9f1c30000 - 0x00007ff9f1cd3000 	C:\WINDOWS\System32\ADVAPI32.dll
0x00007ff9f0b50000 - 0x00007ff9f0bee000 	C:\WINDOWS\System32\msvcrt.dll
0x00007ff9f1ac0000 - 0x00007ff9f1b57000 	C:\WINDOWS\System32\sechost.dll
0x00007ff9f0da0000 - 0x00007ff9f0ebf000 	C:\WINDOWS\System32\RPCRT4.dll
0x00007ff9f1040000 - 0x00007ff9f11d4000 	C:\WINDOWS\System32\USER32.dll
0x00007ff9f0470000 - 0x00007ff9f0491000 	C:\WINDOWS\System32\win32u.dll
0x00007ff9f0d70000 - 0x00007ff9f0d96000 	C:\WINDOWS\System32\GDI32.dll
0x00007ff9f06b0000 - 0x00007ff9f0848000 	C:\WINDOWS\System32\gdi32full.dll
0x00007ff9ef7a0000 - 0x00007ff9ef83e000 	C:\WINDOWS\System32\msvcp_win.dll
0x00007ff9efb40000 - 0x00007ff9efc3a000 	C:\WINDOWS\System32\ucrtbase.dll
0x00007ff9e5460000 - 0x00007ff9e56e4000 	C:\WINDOWS\WinSxS\amd64_microsoft.windows.common-controls_6595b64144ccf1df_6.0.18362.1556_none_9e7e372fe45e41d5\COMCTL32.dll
0x00007ff9f1250000 - 0x00007ff9f1586000 	C:\WINDOWS\System32\combase.dll
0x00007ff9f04c0000 - 0x00007ff9f0541000 	C:\WINDOWS\System32\bcryptPrimitives.dll
0x00007ff9f1f10000 - 0x00007ff9f1f3e000 	C:\WINDOWS\System32\IMM32.DLL
0x0000000069180000 - 0x0000000069252000 	C:\Program Files\Java\jdk1.8.0_121\jre\bin\msvcr100.dll
0x00000000685e0000 - 0x0000000068e7b000 	C:\Program Files\Java\jdk1.8.0_121\jre\bin\server\jvm.dll
0x00007ff9f0980000 - 0x00007ff9f0988000 	C:\WINDOWS\System32\PSAPI.DLL
0x00007ff9ebfe0000 - 0x00007ff9ec004000 	C:\WINDOWS\SYSTEM32\WINMM.dll
0x00007ff9dd120000 - 0x00007ff9dd129000 	C:\WINDOWS\SYSTEM32\WSOCK32.dll
0x00007ff9e2700000 - 0x00007ff9e270a000 	C:\WINDOWS\SYSTEM32\VERSION.dll
0x00007ff9f11e0000 - 0x00007ff9f124f000 	C:\WINDOWS\System32\WS2_32.dll
0x00007ff9ebfb0000 - 0x00007ff9ebfdd000 	C:\WINDOWS\SYSTEM32\winmmbase.dll
0x00007ff9ef840000 - 0x00007ff9ef88a000 	C:\WINDOWS\System32\cfgmgr32.dll
0x0000000069170000 - 0x000000006917f000 	C:\Program Files\Java\jdk1.8.0_121\jre\bin\verify.dll
0x0000000069140000 - 0x0000000069169000 	C:\Program Files\Java\jdk1.8.0_121\jre\bin\java.dll
0x00000000690f0000 - 0x0000000069113000 	C:\Program Files\Java\jdk1.8.0_121\jre\bin\instrument.dll
0x0000000069120000 - 0x0000000069136000 	C:\Program Files\Java\jdk1.8.0_121\jre\bin\zip.dll
0x00007ff9f2070000 - 0x00007ff9f2757000 	C:\WINDOWS\System32\SHELL32.dll
0x00007ff9f08d0000 - 0x00007ff9f0978000 	C:\WINDOWS\System32\shcore.dll
0x00007ff9efc40000 - 0x00007ff9f03bb000 	C:\WINDOWS\System32\windows.storage.dll
0x00007ff9ef680000 - 0x00007ff9ef69e000 	C:\WINDOWS\System32\profapi.dll
0x00007ff9ef6a0000 - 0x00007ff9ef6ea000 	C:\WINDOWS\System32\powrprof.dll
0x00007ff9ef650000 - 0x00007ff9ef660000 	C:\WINDOWS\System32\UMPDC.dll
0x00007ff9f0990000 - 0x00007ff9f09e2000 	C:\WINDOWS\System32\shlwapi.dll
0x00007ff9ef660000 - 0x00007ff9ef671000 	C:\WINDOWS\System32\kernel.appcore.dll
0x00007ff9f04a0000 - 0x00007ff9f04b7000 	C:\WINDOWS\System32\cryptsp.dll
0x00000000690d0000 - 0x00000000690ea000 	C:\Program Files\Java\jdk1.8.0_121\jre\bin\net.dll
0x00007ff9eee30000 - 0x00007ff9eee97000 	C:\WINDOWS\system32\mswsock.dll
0x00000000690a0000 - 0x00000000690ad000 	C:\Program Files\Java\jdk1.8.0_121\jre\bin\management.dll
0x00007ff9df1f0000 - 0x00007ff9df206000 	C:\WINDOWS\system32\napinsp.dll
0x00007ff9de6c0000 - 0x00007ff9de6da000 	C:\WINDOWS\system32\pnrpnsp.dll
0x00007ff9eeb80000 - 0x00007ff9eec4b000 	C:\WINDOWS\SYSTEM32\DNSAPI.dll
0x00007ff9f1030000 - 0x00007ff9f1038000 	C:\WINDOWS\System32\NSI.dll
0x00007ff9eeb40000 - 0x00007ff9eeb7a000 	C:\WINDOWS\SYSTEM32\IPHLPAPI.DLL
0x00007ff9e8be0000 - 0x00007ff9e8bee000 	C:\WINDOWS\System32\winrnr.dll
0x00007ff9eb9f0000 - 0x00007ff9eba0c000 	C:\WINDOWS\system32\NLAapi.dll
0x00007ff9db160000 - 0x00007ff9db175000 	C:\WINDOWS\system32\wshbth.dll
0x00007ff9e4ea0000 - 0x00007ff9e4eaa000 	C:\Windows\System32\rasadhlp.dll
0x00007ff9e8810000 - 0x00007ff9e8887000 	C:\WINDOWS\System32\fwpuclnt.dll
0x00007ff9ef710000 - 0x00007ff9ef736000 	C:\WINDOWS\System32\bcrypt.dll
0x00000000690b0000 - 0x00000000690c1000 	C:\Program Files\Java\jdk1.8.0_121\jre\bin\nio.dll

VM Arguments:
jvm_args: -ea -Didea.test.cyclic.buffer.size=1048576 -javaagent:E:\安装目录\IntelliJ IDEA Community Edition 2021.1.2\lib\idea_rt.jar=52748:E:\安装目录\IntelliJ IDEA Community Edition 2021.1.2\bin -Dfile.encoding=UTF-8 
java_command: com.intellij.rt.junit.JUnitStarter -ideVersion5 -junit5 cn.pja.service.MyT,selectUserByUid
java_class_path (initial): E:\安装目录\IntelliJ IDEA Community Edition 2021.1.2\lib\idea_rt.jar;D:\maven\Local_IDEA_Maven\org\junit\platform\junit-platform-launcher\1.7.2\junit-platform-launcher-1.7.2.jar;D:\maven\Local_IDEA_Maven\org\apiguardian\apiguardian-api\1.1.0\apiguardian-api-1.1.0.jar;D:\maven\Local_IDEA_Maven\org\junit\platform\junit-platform-engine\1.7.2\junit-platform-engine-1.7.2.jar;D:\maven\Local_IDEA_Maven\org\opentest4j\opentest4j\1.2.0\opentest4j-1.2.0.jar;D:\maven\Local_IDEA_Maven\org\junit\platform\junit-platform-commons\1.7.2\junit-platform-commons-1.7.2.jar;D:\maven\Local_IDEA_Maven\org\junit\vintage\junit-vintage-engine\5.7.2\junit-vintage-engine-5.7.2.jar;E:\安装目录\IntelliJ IDEA Community Edition 2021.1.2\plugins\junit\lib\junit5-rt.jar;E:\安装目录\IntelliJ IDEA Community Edition 2021.1.2\plugins\junit\lib\junit-rt.jar;C:\Program Files\Java\jdk1.8.0_121\jre\lib\charsets.jar;C:\Program Files\Java\jdk1.8.0_121\jre\lib\deploy.jar;C:\Program Files\Java\jdk1.8.0_121\jre\lib\ext\access-bridge-64.jar;C:\Program Files\Java\jdk1.8.0_121\jre\lib\ext\cldrdata.jar;C:\Program Files\Java\jdk1.8.0_121\jre\lib\ext\dnsns.jar;C:\Program Files\Java\jdk1.8.0_121\jre\lib\ext\jaccess.jar;C:\Program Files\Java\jdk1.8.0_121\jre\lib\ext\jfxrt.jar;C:\Program Files\Java\jdk1.8.0_121\jre\lib\ext\localedata.jar;C:\Program Files\Java\jdk1.8.0_121\jre\lib\ext\nashorn.jar;C:\Program Files\Java\jdk1.8.0_121\jre\lib\ext\sunec.jar;C:\Program Files\Java\jdk1.8.0_121\jre\lib\ext\sunjce_provider.jar;C:\Program Files\Java\jdk1.8.0_121\jre\lib\ext\sunmscapi.jar;C:\Program Files\Java\jdk1.8.0_121\jre\lib\ext\sunpkcs11.jar;C:\Program Files\Java\jdk1.8.0_121\jre\lib\ext\zipfs.jar;C:\Program Files\Java\jdk1.8.0_121\jre\lib\javaws.jar;C:\Program Files\Java\jdk1.8.0_121\jre\lib\jce.jar;C:\Program Files\Java\jdk1.8.0_121\jre\lib\jfr.jar;C:\Program Files\Java\jdk1.8.0_121\jre\lib\jfxswt.jar;C:\Program Files\Java\jdk1.8.0_121\jre\lib\jsse.jar;C:\Program Files\Java\jdk1.8.0_121\jre\lib\m
Launcher Type: SUN_STANDARD

Environment Variables:
JAVA_HOME=C:\Program Files\Java\jdk1.8.0_121
CLASSPATH=.；D:\彭金安\Documents\课件\sqldeveloper\jdbc\lib\ojdbc6.jar
PATH=D:\app\aaa\product\12.2.0\dbhome_1\bin;D:\oracle\product\10.2.0\db_2\bin;D:\oracle\product\10.2.0\db_1\bin;C:\ProgramData\Oracle\Java\javapath;C:\Program Files (x86)\Intel\iCLS Client\;C:\Program Files\Intel\iCLS Client\;C:\Windows\system32;C:\Windows;C:\Windows\System32\Wbem;C:\Windows\System32\WindowsPowerShell\v1.0\;C:\Program Files (x86)\NVIDIA Corporation\PhysX\Common;C:\Program Files (x86)\Intel\Intel(R) Management Engine Components\DAL;C:\Program Files\Intel\Intel(R) Management Engine Components\DAL;C:\Program Files (x86)\Intel\Intel(R) Management Engine Components\IPT;C:\Program Files\Intel\Intel(R) Management Engine Components\IPT;C:\Program Files\Intel\WiFi\bin\;C:\Program Files\Common Files\Intel\WirelessCommon\;C:\WINDOWS\system32;C:\WINDOWS;C:\WINDOWS\System32\Wbem;C:\WINDOWS\System32\WindowsPowerShell\v1.0\;C:\Program Files\Java\jdk1.8.0_121\bin;C:\Program Files\Apache Software Foundation\Tomcat 7.0\bin\;D:\彭金安\Documents\java语言\mysql-5.7.22-winx64\mysql-5.7.22-winx64\bin;C:\WINDOWS\System32\OpenSSH\;C:\Program Files\VisualSVN Server\bin;C:\Program Files\TortoiseSVN\bin;C:\Program Files\Java\jdk1.8.0_121\bin;D:\maven\apache-maven-3.5.2\bin;C:\Program Files\nodejs\;C:\Users\彭金安\AppData\Local\Microsoft\WindowsApps;C:\Users\彭金安\AppData\Roaming\npm
USERNAME=彭金安
OS=Windows_NT
PROCESSOR_IDENTIFIER=Intel64 Family 6 Model 94 Stepping 3, GenuineIntel



---------------  S Y S T E M  ---------------

OS: Windows 10.0 , 64 bit Build 18362 (10.0.18362.1500)

CPU:total 4 (4 cores per cpu, 1 threads per core) family 6 model 94 stepping 3, cmov, cx8, fxsr, mmx, sse, sse2, sse3, ssse3, sse4.1, sse4.2, popcnt, avx, avx2, aes, clmul, erms, rtm, 3dnowpref, lzcnt, tsc, tscinvbit, bmi1, bmi2, adx

Memory: 4k page, physical 8299428k(1006404k free), swap 12493732k(4232k free)

vm_info: Java HotSpot(TM) 64-Bit Server VM (25.121-b13) for windows-amd64 JRE (1.8.0_121-b13), built on Dec 12 2016 18:21:36 by "java_re" with MS VC++ 10.0 (VS2010)

time: Mon Oct 04 15:46:17 2021
elapsed time: 6 seconds (0d 0h 0m 6s)

